<?xml version="1.0" encoding="UTF-8"?>
<testsuite xmlns:xsi="http://www.w3.org/2001/XMLSchema-instance" xsi:noNamespaceSchemaLocation="https://maven.apache.org/surefire/maven-surefire-plugin/xsd/surefire-test-report.xsd" name="com.disney.filescompare.FileCompareTest" time="0.847" tests="1" errors="0" skipped="0" failures="0">
  <properties>
    <property name="sun.desktop" value="windows"/>
    <property name="awt.toolkit" value="sun.awt.windows.WToolkit"/>
    <property name="file.encoding.pkg" value="sun.io"/>
    <property name="java.specification.version" value="1.8"/>
    <property name="sun.cpu.isalist" value="amd64"/>
    <property name="sun.jnu.encoding" value="Cp1252"/>
    <property name="java.class.path" value="C:\Bhuvana\intellij\comparefiles\target\test-classes;C:\Bhuvana\intellij\comparefiles\target\classes;C:\Users\ahil\.m2\repository\junit\junit\4.11\junit-4.11.jar;C:\Users\ahil\.m2\repository\org\hamcrest\hamcrest-core\1.3\hamcrest-core-1.3.jar;C:\Users\ahil\.m2\repository\org\apache\poi\poi\3.9\poi-3.9.jar;C:\Users\ahil\.m2\repository\commons-codec\commons-codec\1.5\commons-codec-1.5.jar;C:\Users\ahil\.m2\repository\org\apache\poi\poi-ooxml\3.9\poi-ooxml-3.9.jar;C:\Users\ahil\.m2\repository\org\apache\poi\poi-ooxml-schemas\3.9\poi-ooxml-schemas-3.9.jar;C:\Users\ahil\.m2\repository\org\apache\xmlbeans\xmlbeans\2.3.0\xmlbeans-2.3.0.jar;C:\Users\ahil\.m2\repository\stax\stax-api\1.0.1\stax-api-1.0.1.jar;C:\Users\ahil\.m2\repository\dom4j\dom4j\1.6.1\dom4j-1.6.1.jar;C:\Users\ahil\.m2\repository\xml-apis\xml-apis\1.0.b2\xml-apis-1.0.b2.jar;C:\Users\ahil\.m2\repository\xmlunit\xmlunit\1.5\xmlunit-1.5.jar;"/>
    <property name="java.vm.vendor" value="Oracle Corporation"/>
    <property name="sun.arch.data.model" value="64"/>
    <property name="user.variant" value=""/>
    <property name="java.vendor.url" value="http://java.oracle.com/"/>
    <property name="user.timezone" value="America/Los_Angeles"/>
    <property name="java.vm.specification.version" value="1.8"/>
    <property name="os.name" value="Windows 10"/>
    <property name="user.country" value="US"/>
    <property name="sun.java.launcher" value="SUN_STANDARD"/>
    <property name="sun.boot.library.path" value="C:\Java\jdk1.8.0_191\jre\bin"/>
    <property name="sun.java.command" value="C:\Users\ahil\AppData\Local\Temp\surefire6130103839075483067\surefirebooter5586646609481063472.jar C:\Users\ahil\AppData\Local\Temp\surefire6130103839075483067 2020-08-09T19-21-46_981-jvmRun1 surefire4022567741203786144tmp surefire_06525051716413063891tmp"/>
    <property name="surefire.test.class.path" value="C:\Bhuvana\intellij\comparefiles\target\test-classes;C:\Bhuvana\intellij\comparefiles\target\classes;C:\Users\ahil\.m2\repository\junit\junit\4.11\junit-4.11.jar;C:\Users\ahil\.m2\repository\org\hamcrest\hamcrest-core\1.3\hamcrest-core-1.3.jar;C:\Users\ahil\.m2\repository\org\apache\poi\poi\3.9\poi-3.9.jar;C:\Users\ahil\.m2\repository\commons-codec\commons-codec\1.5\commons-codec-1.5.jar;C:\Users\ahil\.m2\repository\org\apache\poi\poi-ooxml\3.9\poi-ooxml-3.9.jar;C:\Users\ahil\.m2\repository\org\apache\poi\poi-ooxml-schemas\3.9\poi-ooxml-schemas-3.9.jar;C:\Users\ahil\.m2\repository\org\apache\xmlbeans\xmlbeans\2.3.0\xmlbeans-2.3.0.jar;C:\Users\ahil\.m2\repository\stax\stax-api\1.0.1\stax-api-1.0.1.jar;C:\Users\ahil\.m2\repository\dom4j\dom4j\1.6.1\dom4j-1.6.1.jar;C:\Users\ahil\.m2\repository\xml-apis\xml-apis\1.0.b2\xml-apis-1.0.b2.jar;C:\Users\ahil\.m2\repository\xmlunit\xmlunit\1.5\xmlunit-1.5.jar;"/>
    <property name="sun.cpu.endian" value="little"/>
    <property name="user.home" value="C:\Users\ahil"/>
    <property name="user.language" value="en"/>
    <property name="java.specification.vendor" value="Oracle Corporation"/>
    <property name="java.home" value="C:\Java\jdk1.8.0_191\jre"/>
    <property name="basedir" value="C:\Bhuvana\intellij\comparefiles"/>
    <property name="file.separator" value="\"/>
    <property name="line.separator" value="&#10;"/>
    <property name="java.vm.specification.vendor" value="Oracle Corporation"/>
    <property name="java.specification.name" value="Java Platform API Specification"/>
    <property name="java.awt.graphicsenv" value="sun.awt.Win32GraphicsEnvironment"/>
    <property name="surefire.real.class.path" value="C:\Users\ahil\AppData\Local\Temp\surefire6130103839075483067\surefirebooter5586646609481063472.jar"/>
    <property name="sun.boot.class.path" value="C:\Java\jdk1.8.0_191\jre\lib\resources.jar;C:\Java\jdk1.8.0_191\jre\lib\rt.jar;C:\Java\jdk1.8.0_191\jre\lib\sunrsasign.jar;C:\Java\jdk1.8.0_191\jre\lib\jsse.jar;C:\Java\jdk1.8.0_191\jre\lib\jce.jar;C:\Java\jdk1.8.0_191\jre\lib\charsets.jar;C:\Java\jdk1.8.0_191\jre\lib\jfr.jar;C:\Java\jdk1.8.0_191\jre\classes"/>
    <property name="user.script" value=""/>
    <property name="sun.management.compiler" value="HotSpot 64-Bit Tiered Compilers"/>
    <property name="java.runtime.version" value="1.8.0_191-b12"/>
    <property name="user.name" value="ahil"/>
    <property name="path.separator" value=";"/>
    <property name="os.version" value="10.0"/>
    <property name="java.endorsed.dirs" value="C:\Java\jdk1.8.0_191\jre\lib\endorsed"/>
    <property name="java.runtime.name" value="Java(TM) SE Runtime Environment"/>
    <property name="file.encoding" value="Cp1252"/>
    <property name="java.vm.name" value="Java HotSpot(TM) 64-Bit Server VM"/>
    <property name="localRepository" value="C:\Users\ahil\.m2\repository"/>
    <property name="java.vendor.url.bug" value="http://bugreport.sun.com/bugreport/"/>
    <property name="java.io.tmpdir" value="C:\Users\ahil\AppData\Local\Temp\"/>
    <property name="java.version" value="1.8.0_191"/>
    <property name="user.dir" value="C:\Bhuvana\intellij\comparefiles"/>
    <property name="os.arch" value="amd64"/>
    <property name="java.vm.specification.name" value="Java Virtual Machine Specification"/>
    <property name="java.awt.printerjob" value="sun.awt.windows.WPrinterJob"/>
    <property name="sun.os.patch.level" value=""/>
    <property name="java.library.path" value="C:\Java\jdk1.8.0_191\jre\bin;C:\WINDOWS\Sun\Java\bin;C:\WINDOWS\system32;C:\WINDOWS;C:\Python27\;C:\Python27\Scripts;C:\Java\jdk1.8.0_191\bin;C:\WINDOWS\system32;C:\WINDOWS;C:\WINDOWS\System32\Wbem;C:\WINDOWS\System32\WindowsPowerShell\v1.0\;C:\WINDOWS\System32\OpenSSH\;C:\Program Files\Git\cmd;C:\apache-maven-3.6.0\bin;C:\Program Files\nodejs\;C:\ProgramData\chocolatey\bin;C:\Users\ahil\AppData\Local\Microsoft\WindowsApps;C:\Users\ahil\AppData\Roaming\npm;C:\Users\ahil\AppData\Local\Programs\Microsoft VS Code\bin;C:\Users\ahil\AppData\Local\GitHubDesktop\bin;."/>
    <property name="java.vm.info" value="mixed mode"/>
    <property name="java.vendor" value="Oracle Corporation"/>
    <property name="java.vm.version" value="25.191-b12"/>
    <property name="java.ext.dirs" value="C:\Java\jdk1.8.0_191\jre\lib\ext;C:\WINDOWS\Sun\Java\lib\ext"/>
    <property name="sun.io.unicode.encoding" value="UnicodeLittle"/>
    <property name="java.class.version" value="52.0"/>
  </properties>
  <testcase name="compareFilesTest" classname="com.disney.filescompare.FileCompareTest" time="0.805"/>
</testsuite>